<?xml version="1.0" encoding="UTF-8"?>
<!-- Generated by org.testng.reporters.JUnitReportReporter -->
<testsuite skipped="0" hostname="LAPTOP-UPPEUJHV" name="javaPractice3.HashMapExample" tests="1" failures="0" timestamp="17 Jul 2017 22:34:06 GMT" time="0.017" errors="0">
  <testcase name="runHasMap" time="0.017" classname="javaPractice3.HashMapExample"/>
</testsuite> <!-- javaPractice3.HashMapExample -->
