<?xml version="1.0" encoding="UTF-8"?>
<!-- Generated by org.testng.reporters.JUnitReportReporter -->
<testsuite skipped="0" hostname="LAPTOP-UPPEUJHV" name="javapractice2.ExceptionDemo" tests="1" failures="0" timestamp="16 Jul 2017 23:12:28 GMT" time="0.024" errors="0">
  <testcase name="runExceptionMultipleExceptions" time="0.024" classname="javapractice2.ExceptionDemo"/>
</testsuite> <!-- javapractice2.ExceptionDemo -->
