<?xml version="1.0" encoding="UTF-8"?>
<!-- Generated by org.testng.reporters.JUnitReportReporter -->
<testsuite skipped="0" hostname="LAPTOP-UPPEUJHV" name="javapractice.ChildClassForVehicle" tests="1" failures="0" timestamp="11 Jul 2017 21:45:24 GMT" time="0.015" errors="0">
  <testcase name="printcolour" time="0.015" classname="javapractice.ChildClassForVehicle"/>
</testsuite> <!-- javapractice.ChildClassForVehicle -->
