<?xml version="1.0" encoding="UTF-8"?>
<!-- Generated by org.testng.reporters.JUnitReportReporter -->
<testsuite skipped="0" hostname="LAPTOP-UPPEUJHV" name="javapractice.MultidimensionalArrays" tests="1" failures="0" timestamp="11 Jul 2017 23:27:01 GMT" time="0.025" errors="0">
  <testcase name="testingMulitDimensionalArray" time="0.025" classname="javapractice.MultidimensionalArrays"/>
</testsuite> <!-- javapractice.MultidimensionalArrays -->
