<?xml version="1.0" encoding="UTF-8"?>
<!-- Generated by org.testng.reporters.JUnitReportReporter -->
<testsuite skipped="0" hostname="LAPTOP-UPPEUJHV" name="javapractice.ArraysDemo" tests="1" failures="0" timestamp="12 Jul 2017 12:58:51 GMT" time="0.014" errors="0">
  <testcase name="runArraysDemo" time="0.014" classname="javapractice.ArraysDemo"/>
</testsuite> <!-- javapractice.ArraysDemo -->
