<?xml version="1.0" encoding="UTF-8"?>
<!-- Generated by org.testng.reporters.JUnitReportReporter -->
<testsuite skipped="0" hostname="LAPTOP-UPPEUJHV" name="javaPractice6.SplittingArrays" tests="1" failures="0" timestamp="21 Oct 2017 08:54:11 GMT" time="0.021" errors="0">
  <testcase name="printvalue" time="0.021" classname="javaPractice6.SplittingArrays"/>
</testsuite> <!-- javaPractice6.SplittingArrays -->
