<?xml version="1.0" encoding="UTF-8"?>
<!-- Generated by org.testng.reporters.JUnitReportReporter -->
<testsuite skipped="0" hostname="LAPTOP-UPPEUJHV" name="javapractice.DateDemo" tests="1" failures="0" timestamp="14 Jul 2017 16:58:55 GMT" time="0.043" errors="0">
  <testcase name="dateDem" time="0.043" classname="javapractice.DateDemo"/>
</testsuite> <!-- javapractice.DateDemo -->
