<?xml version="1.0" encoding="UTF-8"?>
<!-- Generated by org.testng.reporters.JUnitReportReporter -->
<testsuite skipped="0" hostname="LAPTOP-UPPEUJHV" name="javapractice.ChildLevel" tests="2" failures="0" timestamp="11 Jul 2017 21:48:18 GMT" time="0.014" errors="0">
  <testcase name="printcolour" time="0.012" classname="javapractice.ChildLevel"/>
  <testcase name="childLevelMethod" time="0.002" classname="javapractice.ChildLevel"/>
</testsuite> <!-- javapractice.ChildLevel -->
