<?xml version="1.0" encoding="UTF-8"?>
<!-- Generated by org.testng.reporters.JUnitReportReporter -->
<testsuite skipped="0" hostname="LAPTOP-UPPEUJHV" name="javapractice.EnglandTraffic" tests="1" failures="0" timestamp="06 Jul 2017 16:11:56 GMT" time="0.019" errors="0">
  <testcase name="Englandtraffimplentation" time="0.019" classname="javapractice.EnglandTraffic"/>
</testsuite> <!-- javapractice.EnglandTraffic -->
