<?xml version="1.0" encoding="UTF-8"?>
<!-- Generated by org.testng.reporters.JUnitReportReporter -->
<testsuite skipped="0" hostname="LAPTOP-UPPEUJHV" name="javapractice.MinNumberFromArray" tests="2" failures="0" timestamp="13 Jul 2017 18:56:34 GMT" time="0.029" errors="0">
  <testcase name="maxNumber" time="0.027" classname="javapractice.MinNumberFromArray"/>
  <testcase name="minNumber" time="0.002" classname="javapractice.MinNumberFromArray"/>
</testsuite> <!-- javapractice.MinNumberFromArray -->
