<?xml version="1.0" encoding="UTF-8"?>
<!-- Generated by org.testng.reporters.JUnitReportReporter -->
<testsuite skipped="0" hostname="LAPTOP-UPPEUJHV" name="javaPractice3.HashTableExample" tests="1" failures="0" timestamp="17 Jul 2017 22:38:23 GMT" time="0.026" errors="0">
  <testcase name="runHasMap" time="0.026" classname="javaPractice3.HashTableExample"/>
</testsuite> <!-- javaPractice3.HashTableExample -->
