<?xml version="1.0" encoding="UTF-8"?>
<!-- Generated by org.testng.reporters.JUnitReportReporter -->
<testsuite skipped="0" hostname="LAPTOP-UPPEUJHV" name="javaPractice6.CalDate" tests="1" failures="0" timestamp="24 Oct 2017 22:15:15 GMT" time="0.158" errors="0">
  <testcase name="printvalue" time="0.158" classname="javaPractice6.CalDate"/>
</testsuite> <!-- javaPractice6.CalDate -->
