<?xml version="1.0" encoding="UTF-8"?>
<!-- Generated by org.testng.reporters.JUnitReportReporter -->
<testsuite skipped="0" hostname="LAPTOP-UPPEUJHV" name="javapractice2.ChildDemo" tests="1" failures="0" timestamp="14 Jul 2017 18:37:17 GMT" time="0.018" errors="0">
  <testcase name="displayname" time="0.018" classname="javapractice2.ChildDemo"/>
</testsuite> <!-- javapractice2.ChildDemo -->
