<?xml version="1.0" encoding="UTF-8"?>
<!-- Generated by org.testng.reporters.JUnitReportReporter -->
<testsuite skipped="0" hostname="LAPTOP-UPPEUJHV" name="javapractice.InterviewMinNumber" tests="1" failures="0" timestamp="31 Aug 2017 21:56:02 GMT" time="0.030" errors="0">
  <testcase name="minNumber" time="0.030" classname="javapractice.InterviewMinNumber"/>
</testsuite> <!-- javapractice.InterviewMinNumber -->
