<?xml version="1.0" encoding="UTF-8"?>
<!-- Generated by org.testng.reporters.JUnitReportReporter -->
<testsuite skipped="0" hostname="LAPTOP-UPPEUJHV" name="javapractice2.ThisDemo" tests="1" failures="0" timestamp="14 Jul 2017 19:09:21 GMT" time="0.019" errors="0">
  <testcase name="runDemo" time="0.019" classname="javapractice2.ThisDemo"/>
</testsuite> <!-- javapractice2.ThisDemo -->
