<?xml version="1.0" encoding="UTF-8"?>
<!-- Generated by org.testng.reporters.JUnitReportReporter -->
<testsuite skipped="0" hostname="LAPTOP-UPPEUJHV" name="javapractice.SortArray" tests="3" failures="0" timestamp="14 Jul 2017 15:46:40 GMT" time="0.025" errors="0">
  <testcase name="swapNumbersWithoutTUsingTemp" time="0.005" classname="javapractice.SortArray"/>
  <testcase name="sortArr" time="0.015" classname="javapractice.SortArray"/>
  <testcase name="swapNumbers" time="0.005" classname="javapractice.SortArray"/>
</testsuite> <!-- javapractice.SortArray -->
