<?xml version="1.0" encoding="UTF-8"?>
<!-- Generated by org.testng.reporters.JUnitReportReporter -->
<testsuite skipped="0" hostname="LAPTOP-UPPEUJHV" name="javapractice.ConstructorDemo" tests="1" failures="0" timestamp="14 Jul 2017 17:33:33 GMT" time="0.017" errors="0">
  <testcase name="runConstructors" time="0.017" classname="javapractice.ConstructorDemo"/>
</testsuite> <!-- javapractice.ConstructorDemo -->
