<?xml version="1.0" encoding="UTF-8"?>
<!-- Generated by org.testng.reporters.JUnitReportReporter -->
<testsuite skipped="0" hostname="LAPTOP-UPPEUJHV" name="javapractice4.StringClassDemo" tests="2" failures="0" timestamp="27 Jul 2017 23:15:44 GMT" time="0.025" errors="0">
  <testcase name="runAnotherTest" time="0.023" classname="javapractice4.StringClassDemo"/>
  <testcase name="runString" time="0.002" classname="javapractice4.StringClassDemo"/>
</testsuite> <!-- javapractice4.StringClassDemo -->
