<?xml version="1.0" encoding="UTF-8"?>
<!-- Generated by org.testng.reporters.JUnitReportReporter -->
<testsuite skipped="0" hostname="LAPTOP-UPPEUJHV" name="javaPractice3.ArrayListExample" tests="1" failures="0" timestamp="06 Aug 2017 18:24:58 GMT" time="0.011" errors="0">
  <testcase name="runArrayList" time="0.011" classname="javaPractice3.ArrayListExample"/>
</testsuite> <!-- javaPractice3.ArrayListExample -->
