<?xml version="1.0" encoding="UTF-8"?>
<!-- Generated by org.testng.reporters.JUnitReportReporter -->
<testsuite skipped="0" hostname="LAPTOP-UPPEUJHV" name="javaPractice5.SingletonPartern" tests="1" failures="0" timestamp="06 Aug 2017 18:13:10 GMT" time="0.024" errors="0">
  <testcase name="useSingleton" time="0.024" classname="javaPractice5.SingletonPartern"/>
</testsuite> <!-- javaPractice5.SingletonPartern -->
